The system is: Linux - 6.7.11-100.fc38.x86_64 - x86_64
Compiling the C compiler identification source file "CMakeCCompilerId.c" succeeded.
Compiler: /usr/bin/cc 
Build flags: 
Id flags:  

The output was:
0


Compilation of the C compiler identification source "CMakeCCompilerId.c" produced "a.out"

The C compiler identification is GNU, found in "/home/tomasgonzalez/Documents/RawNanoporeSignalCompression/build/CMakeFiles/3.22.1/CompilerIdC/a.out"

Compiling the CXX compiler identification source file "CMakeCXXCompilerId.cpp" succeeded.
Compiler: /usr/bin/c++ 
Build flags: 
Id flags:  

The output was:
0


Compilation of the CXX compiler identification source "CMakeCXXCompilerId.cpp" produced "a.out"

The CXX compiler identification is GNU, found in "/home/tomasgonzalez/Documents/RawNanoporeSignalCompression/build/CMakeFiles/3.22.1/CompilerIdCXX/a.out"

Detecting C compiler ABI info compiled with the following output:
Change Dir: /home/tomasgonzalez/Documents/RawNanoporeSignalCompression/build/CMakeFiles/CMakeTmp

Run Build Command(s):/usr/bin/gmake -f Makefile cmTC_b06af/fast && /usr/bin/gmake  -f CMakeFiles/cmTC_b06af.dir/build.make CMakeFiles/cmTC_b06af.dir/build
gmake[1]: Entering directory '/home/tomasgonzalez/Documents/RawNanoporeSignalCompression/build/CMakeFiles/CMakeTmp'
Building C object CMakeFiles/cmTC_b06af.dir/CMakeCCompilerABI.c.o
/usr/bin/cc   -v -o CMakeFiles/cmTC_b06af.dir/CMakeCCompilerABI.c.o -c /home/tomasgonzalez/miniconda3/envs/nanoRawEnv/share/cmake-3.22/Modules/CMakeCCompilerABI.c
Using built-in specs.
COLLECT_GCC=/usr/bin/cc
OFFLOAD_TARGET_NAMES=nvptx-none
OFFLOAD_TARGET_DEFAULT=1
Target: x86_64-redhat-linux
Configured with: ../configure --enable-bootstrap --enable-languages=c,c++,fortran,objc,obj-c++,ada,go,d,m2,lto --prefix=/usr --mandir=/usr/share/man --infodir=/usr/share/info --with-bugurl=http://bugzilla.redhat.com/bugzilla --enable-shared --enable-threads=posix --enable-checking=release --enable-multilib --with-system-zlib --enable-__cxa_atexit --disable-libunwind-exceptions --enable-gnu-unique-object --enable-linker-build-id --with-gcc-major-version-only --enable-libstdcxx-backtrace --with-libstdcxx-zoneinfo=/usr/share/zoneinfo --with-linker-hash-style=gnu --enable-plugin --enable-initfini-array --with-isl=/builddir/build/BUILD/gcc-13.2.1-20240316/obj-x86_64-redhat-linux/isl-install --enable-offload-targets=nvptx-none --without-cuda-driver --enable-offload-defaulted --enable-gnu-indirect-function --enable-cet --with-tune=generic --with-arch_32=i686 --build=x86_64-redhat-linux --with-build-config=bootstrap-lto --enable-link-serialization=1
Thread model: posix
Supported LTO compression algorithms: zlib zstd
gcc version 13.2.1 20240316 (Red Hat 13.2.1-7) (GCC) 
COLLECT_GCC_OPTIONS='-v' '-o' 'CMakeFiles/cmTC_b06af.dir/CMakeCCompilerABI.c.o' '-c' '-mtune=generic' '-march=x86-64' '-dumpdir' 'CMakeFiles/cmTC_b06af.dir/'
 /usr/libexec/gcc/x86_64-redhat-linux/13/cc1 -quiet -v /home/tomasgonzalez/miniconda3/envs/nanoRawEnv/share/cmake-3.22/Modules/CMakeCCompilerABI.c -quiet -dumpdir CMakeFiles/cmTC_b06af.dir/ -dumpbase CMakeCCompilerABI.c.c -dumpbase-ext .c -mtune=generic -march=x86-64 -version -o /tmp/ccYcatwM.s
GNU C17 (GCC) version 13.2.1 20240316 (Red Hat 13.2.1-7) (x86_64-redhat-linux)
	compiled by GNU C version 13.2.1 20240316 (Red Hat 13.2.1-7), GMP version 6.2.1, MPFR version 4.2.0-p12, MPC version 1.3.1, isl version isl-0.24-GMP

GGC heuristics: --param ggc-min-expand=100 --param ggc-min-heapsize=131072
ignoring nonexistent directory "/usr/lib/gcc/x86_64-redhat-linux/13/include-fixed"
ignoring nonexistent directory "/usr/lib/gcc/x86_64-redhat-linux/13/../../../../x86_64-redhat-linux/include"
#include "..." search starts here:
#include <...> search starts here:
 /usr/lib/gcc/x86_64-redhat-linux/13/include
 /usr/local/include
 /usr/include
End of search list.
Compiler executable checksum: e29a759f39551af55ebc173a83d6fd89
COLLECT_GCC_OPTIONS='-v' '-o' 'CMakeFiles/cmTC_b06af.dir/CMakeCCompilerABI.c.o' '-c' '-mtune=generic' '-march=x86-64' '-dumpdir' 'CMakeFiles/cmTC_b06af.dir/'
 as -v --64 -o CMakeFiles/cmTC_b06af.dir/CMakeCCompilerABI.c.o /tmp/ccYcatwM.s
GNU assembler version 2.40 (x86_64-redhat-linux) using BFD version version 2.40-14.fc39
COMPILER_PATH=/usr/libexec/gcc/x86_64-redhat-linux/13/:/usr/libexec/gcc/x86_64-redhat-linux/13/:/usr/libexec/gcc/x86_64-redhat-linux/:/usr/lib/gcc/x86_64-redhat-linux/13/:/usr/lib/gcc/x86_64-redhat-linux/
LIBRARY_PATH=/usr/lib/gcc/x86_64-redhat-linux/13/:/usr/lib/gcc/x86_64-redhat-linux/13/../../../../lib64/:/lib/../lib64/:/usr/lib/../lib64/:/usr/lib/gcc/x86_64-redhat-linux/13/../../../:/lib/:/usr/lib/
COLLECT_GCC_OPTIONS='-v' '-o' 'CMakeFiles/cmTC_b06af.dir/CMakeCCompilerABI.c.o' '-c' '-mtune=generic' '-march=x86-64' '-dumpdir' 'CMakeFiles/cmTC_b06af.dir/CMakeCCompilerABI.c.'
Linking C executable cmTC_b06af
/home/tomasgonzalez/miniconda3/envs/nanoRawEnv/bin/cmake -E cmake_link_script CMakeFiles/cmTC_b06af.dir/link.txt --verbose=1
/usr/bin/cc  -v CMakeFiles/cmTC_b06af.dir/CMakeCCompilerABI.c.o -o cmTC_b06af 
Using built-in specs.
COLLECT_GCC=/usr/bin/cc
COLLECT_LTO_WRAPPER=/usr/libexec/gcc/x86_64-redhat-linux/13/lto-wrapper
OFFLOAD_TARGET_NAMES=nvptx-none
OFFLOAD_TARGET_DEFAULT=1
Target: x86_64-redhat-linux
Configured with: ../configure --enable-bootstrap --enable-languages=c,c++,fortran,objc,obj-c++,ada,go,d,m2,lto --prefix=/usr --mandir=/usr/share/man --infodir=/usr/share/info --with-bugurl=http://bugzilla.redhat.com/bugzilla --enable-shared --enable-threads=posix --enable-checking=release --enable-multilib --with-system-zlib --enable-__cxa_atexit --disable-libunwind-exceptions --enable-gnu-unique-object --enable-linker-build-id --with-gcc-major-version-only --enable-libstdcxx-backtrace --with-libstdcxx-zoneinfo=/usr/share/zoneinfo --with-linker-hash-style=gnu --enable-plugin --enable-initfini-array --with-isl=/builddir/build/BUILD/gcc-13.2.1-20240316/obj-x86_64-redhat-linux/isl-install --enable-offload-targets=nvptx-none --without-cuda-driver --enable-offload-defaulted --enable-gnu-indirect-function --enable-cet --with-tune=generic --with-arch_32=i686 --build=x86_64-redhat-linux --with-build-config=bootstrap-lto --enable-link-serialization=1
Thread model: posix
Supported LTO compression algorithms: zlib zstd
gcc version 13.2.1 20240316 (Red Hat 13.2.1-7) (GCC) 
COMPILER_PATH=/usr/libexec/gcc/x86_64-redhat-linux/13/:/usr/libexec/gcc/x86_64-redhat-linux/13/:/usr/libexec/gcc/x86_64-redhat-linux/:/usr/lib/gcc/x86_64-redhat-linux/13/:/usr/lib/gcc/x86_64-redhat-linux/
LIBRARY_PATH=/usr/lib/gcc/x86_64-redhat-linux/13/:/usr/lib/gcc/x86_64-redhat-linux/13/../../../../lib64/:/lib/../lib64/:/usr/lib/../lib64/:/usr/lib/gcc/x86_64-redhat-linux/13/../../../:/lib/:/usr/lib/
COLLECT_GCC_OPTIONS='-v' '-o' 'cmTC_b06af' '-mtune=generic' '-march=x86-64' '-dumpdir' 'cmTC_b06af.'
 /usr/libexec/gcc/x86_64-redhat-linux/13/collect2 -plugin /usr/libexec/gcc/x86_64-redhat-linux/13/liblto_plugin.so -plugin-opt=/usr/libexec/gcc/x86_64-redhat-linux/13/lto-wrapper -plugin-opt=-fresolution=/tmp/ccbE5txm.res -plugin-opt=-pass-through=-lgcc -plugin-opt=-pass-through=-lgcc_s -plugin-opt=-pass-through=-lc -plugin-opt=-pass-through=-lgcc -plugin-opt=-pass-through=-lgcc_s --build-id --no-add-needed --eh-frame-hdr --hash-style=gnu -m elf_x86_64 -dynamic-linker /lib64/ld-linux-x86-64.so.2 -o cmTC_b06af /usr/lib/gcc/x86_64-redhat-linux/13/../../../../lib64/crt1.o /usr/lib/gcc/x86_64-redhat-linux/13/../../../../lib64/crti.o /usr/lib/gcc/x86_64-redhat-linux/13/crtbegin.o -L/usr/lib/gcc/x86_64-redhat-linux/13 -L/usr/lib/gcc/x86_64-redhat-linux/13/../../../../lib64 -L/lib/../lib64 -L/usr/lib/../lib64 -L/usr/lib/gcc/x86_64-redhat-linux/13/../../.. CMakeFiles/cmTC_b06af.dir/CMakeCCompilerABI.c.o -lgcc --push-state --as-needed -lgcc_s --pop-state -lc -lgcc --push-state --as-needed -lgcc_s --pop-state /usr/lib/gcc/x86_64-redhat-linux/13/crtend.o /usr/lib/gcc/x86_64-redhat-linux/13/../../../../lib64/crtn.o
COLLECT_GCC_OPTIONS='-v' '-o' 'cmTC_b06af' '-mtune=generic' '-march=x86-64' '-dumpdir' 'cmTC_b06af.'
gmake[1]: Leaving directory '/home/tomasgonzalez/Documents/RawNanoporeSignalCompression/build/CMakeFiles/CMakeTmp'



Parsed C implicit include dir info from above output: rv=done
  found start of include info
  found start of implicit include info
    add: [/usr/lib/gcc/x86_64-redhat-linux/13/include]
    add: [/usr/local/include]
    add: [/usr/include]
  end of search list found
  collapse include dir [/usr/lib/gcc/x86_64-redhat-linux/13/include] ==> [/usr/lib/gcc/x86_64-redhat-linux/13/include]
  collapse include dir [/usr/local/include] ==> [/usr/local/include]
  collapse include dir [/usr/include] ==> [/usr/include]
  implicit include dirs: [/usr/lib/gcc/x86_64-redhat-linux/13/include;/usr/local/include;/usr/include]


Parsed C implicit link information from above output:
  link line regex: [^( *|.*[/\])(ld|CMAKE_LINK_STARTFILE-NOTFOUND|([^/\]+-)?ld|collect2)[^/\]*( |$)]
  ignore line: [Change Dir: /home/tomasgonzalez/Documents/RawNanoporeSignalCompression/build/CMakeFiles/CMakeTmp]
  ignore line: []
  ignore line: [Run Build Command(s):/usr/bin/gmake -f Makefile cmTC_b06af/fast && /usr/bin/gmake  -f CMakeFiles/cmTC_b06af.dir/build.make CMakeFiles/cmTC_b06af.dir/build]
  ignore line: [gmake[1]: Entering directory '/home/tomasgonzalez/Documents/RawNanoporeSignalCompression/build/CMakeFiles/CMakeTmp']
  ignore line: [Building C object CMakeFiles/cmTC_b06af.dir/CMakeCCompilerABI.c.o]
  ignore line: [/usr/bin/cc   -v -o CMakeFiles/cmTC_b06af.dir/CMakeCCompilerABI.c.o -c /home/tomasgonzalez/miniconda3/envs/nanoRawEnv/share/cmake-3.22/Modules/CMakeCCompilerABI.c]
  ignore line: [Using built-in specs.]
  ignore line: [COLLECT_GCC=/usr/bin/cc]
  ignore line: [OFFLOAD_TARGET_NAMES=nvptx-none]
  ignore line: [OFFLOAD_TARGET_DEFAULT=1]
  ignore line: [Target: x86_64-redhat-linux]
  ignore line: [Configured with: ../configure --enable-bootstrap --enable-languages=c c++ fortran objc obj-c++ ada go d m2 lto --prefix=/usr --mandir=/usr/share/man --infodir=/usr/share/info --with-bugurl=http://bugzilla.redhat.com/bugzilla --enable-shared --enable-threads=posix --enable-checking=release --enable-multilib --with-system-zlib --enable-__cxa_atexit --disable-libunwind-exceptions --enable-gnu-unique-object --enable-linker-build-id --with-gcc-major-version-only --enable-libstdcxx-backtrace --with-libstdcxx-zoneinfo=/usr/share/zoneinfo --with-linker-hash-style=gnu --enable-plugin --enable-initfini-array --with-isl=/builddir/build/BUILD/gcc-13.2.1-20240316/obj-x86_64-redhat-linux/isl-install --enable-offload-targets=nvptx-none --without-cuda-driver --enable-offload-defaulted --enable-gnu-indirect-function --enable-cet --with-tune=generic --with-arch_32=i686 --build=x86_64-redhat-linux --with-build-config=bootstrap-lto --enable-link-serialization=1]
  ignore line: [Thread model: posix]
  ignore line: [Supported LTO compression algorithms: zlib zstd]
  ignore line: [gcc version 13.2.1 20240316 (Red Hat 13.2.1-7) (GCC) ]
  ignore line: [COLLECT_GCC_OPTIONS='-v' '-o' 'CMakeFiles/cmTC_b06af.dir/CMakeCCompilerABI.c.o' '-c' '-mtune=generic' '-march=x86-64' '-dumpdir' 'CMakeFiles/cmTC_b06af.dir/']
  ignore line: [ /usr/libexec/gcc/x86_64-redhat-linux/13/cc1 -quiet -v /home/tomasgonzalez/miniconda3/envs/nanoRawEnv/share/cmake-3.22/Modules/CMakeCCompilerABI.c -quiet -dumpdir CMakeFiles/cmTC_b06af.dir/ -dumpbase CMakeCCompilerABI.c.c -dumpbase-ext .c -mtune=generic -march=x86-64 -version -o /tmp/ccYcatwM.s]
  ignore line: [GNU C17 (GCC) version 13.2.1 20240316 (Red Hat 13.2.1-7) (x86_64-redhat-linux)]
  ignore line: [	compiled by GNU C version 13.2.1 20240316 (Red Hat 13.2.1-7)  GMP version 6.2.1  MPFR version 4.2.0-p12  MPC version 1.3.1  isl version isl-0.24-GMP]
  ignore line: []
  ignore line: [GGC heuristics: --param ggc-min-expand=100 --param ggc-min-heapsize=131072]
  ignore line: [ignoring nonexistent directory "/usr/lib/gcc/x86_64-redhat-linux/13/include-fixed"]
  ignore line: [ignoring nonexistent directory "/usr/lib/gcc/x86_64-redhat-linux/13/../../../../x86_64-redhat-linux/include"]
  ignore line: [#include "..." search starts here:]
  ignore line: [#include <...> search starts here:]
  ignore line: [ /usr/lib/gcc/x86_64-redhat-linux/13/include]
  ignore line: [ /usr/local/include]
  ignore line: [ /usr/include]
  ignore line: [End of search list.]
  ignore line: [Compiler executable checksum: e29a759f39551af55ebc173a83d6fd89]
  ignore line: [COLLECT_GCC_OPTIONS='-v' '-o' 'CMakeFiles/cmTC_b06af.dir/CMakeCCompilerABI.c.o' '-c' '-mtune=generic' '-march=x86-64' '-dumpdir' 'CMakeFiles/cmTC_b06af.dir/']
  ignore line: [ as -v --64 -o CMakeFiles/cmTC_b06af.dir/CMakeCCompilerABI.c.o /tmp/ccYcatwM.s]
  ignore line: [GNU assembler version 2.40 (x86_64-redhat-linux) using BFD version version 2.40-14.fc39]
  ignore line: [COMPILER_PATH=/usr/libexec/gcc/x86_64-redhat-linux/13/:/usr/libexec/gcc/x86_64-redhat-linux/13/:/usr/libexec/gcc/x86_64-redhat-linux/:/usr/lib/gcc/x86_64-redhat-linux/13/:/usr/lib/gcc/x86_64-redhat-linux/]
  ignore line: [LIBRARY_PATH=/usr/lib/gcc/x86_64-redhat-linux/13/:/usr/lib/gcc/x86_64-redhat-linux/13/../../../../lib64/:/lib/../lib64/:/usr/lib/../lib64/:/usr/lib/gcc/x86_64-redhat-linux/13/../../../:/lib/:/usr/lib/]
  ignore line: [COLLECT_GCC_OPTIONS='-v' '-o' 'CMakeFiles/cmTC_b06af.dir/CMakeCCompilerABI.c.o' '-c' '-mtune=generic' '-march=x86-64' '-dumpdir' 'CMakeFiles/cmTC_b06af.dir/CMakeCCompilerABI.c.']
  ignore line: [Linking C executable cmTC_b06af]
  ignore line: [/home/tomasgonzalez/miniconda3/envs/nanoRawEnv/bin/cmake -E cmake_link_script CMakeFiles/cmTC_b06af.dir/link.txt --verbose=1]
  ignore line: [/usr/bin/cc  -v CMakeFiles/cmTC_b06af.dir/CMakeCCompilerABI.c.o -o cmTC_b06af ]
  ignore line: [Using built-in specs.]
  ignore line: [COLLECT_GCC=/usr/bin/cc]
  ignore line: [COLLECT_LTO_WRAPPER=/usr/libexec/gcc/x86_64-redhat-linux/13/lto-wrapper]
  ignore line: [OFFLOAD_TARGET_NAMES=nvptx-none]
  ignore line: [OFFLOAD_TARGET_DEFAULT=1]
  ignore line: [Target: x86_64-redhat-linux]
  ignore line: [Configured with: ../configure --enable-bootstrap --enable-languages=c c++ fortran objc obj-c++ ada go d m2 lto --prefix=/usr --mandir=/usr/share/man --infodir=/usr/share/info --with-bugurl=http://bugzilla.redhat.com/bugzilla --enable-shared --enable-threads=posix --enable-checking=release --enable-multilib --with-system-zlib --enable-__cxa_atexit --disable-libunwind-exceptions --enable-gnu-unique-object --enable-linker-build-id --with-gcc-major-version-only --enable-libstdcxx-backtrace --with-libstdcxx-zoneinfo=/usr/share/zoneinfo --with-linker-hash-style=gnu --enable-plugin --enable-initfini-array --with-isl=/builddir/build/BUILD/gcc-13.2.1-20240316/obj-x86_64-redhat-linux/isl-install --enable-offload-targets=nvptx-none --without-cuda-driver --enable-offload-defaulted --enable-gnu-indirect-function --enable-cet --with-tune=generic --with-arch_32=i686 --build=x86_64-redhat-linux --with-build-config=bootstrap-lto --enable-link-serialization=1]
  ignore line: [Thread model: posix]
  ignore line: [Supported LTO compression algorithms: zlib zstd]
  ignore line: [gcc version 13.2.1 20240316 (Red Hat 13.2.1-7) (GCC) ]
  ignore line: [COMPILER_PATH=/usr/libexec/gcc/x86_64-redhat-linux/13/:/usr/libexec/gcc/x86_64-redhat-linux/13/:/usr/libexec/gcc/x86_64-redhat-linux/:/usr/lib/gcc/x86_64-redhat-linux/13/:/usr/lib/gcc/x86_64-redhat-linux/]
  ignore line: [LIBRARY_PATH=/usr/lib/gcc/x86_64-redhat-linux/13/:/usr/lib/gcc/x86_64-redhat-linux/13/../../../../lib64/:/lib/../lib64/:/usr/lib/../lib64/:/usr/lib/gcc/x86_64-redhat-linux/13/../../../:/lib/:/usr/lib/]
  ignore line: [COLLECT_GCC_OPTIONS='-v' '-o' 'cmTC_b06af' '-mtune=generic' '-march=x86-64' '-dumpdir' 'cmTC_b06af.']
  link line: [ /usr/libexec/gcc/x86_64-redhat-linux/13/collect2 -plugin /usr/libexec/gcc/x86_64-redhat-linux/13/liblto_plugin.so -plugin-opt=/usr/libexec/gcc/x86_64-redhat-linux/13/lto-wrapper -plugin-opt=-fresolution=/tmp/ccbE5txm.res -plugin-opt=-pass-through=-lgcc -plugin-opt=-pass-through=-lgcc_s -plugin-opt=-pass-through=-lc -plugin-opt=-pass-through=-lgcc -plugin-opt=-pass-through=-lgcc_s --build-id --no-add-needed --eh-frame-hdr --hash-style=gnu -m elf_x86_64 -dynamic-linker /lib64/ld-linux-x86-64.so.2 -o cmTC_b06af /usr/lib/gcc/x86_64-redhat-linux/13/../../../../lib64/crt1.o /usr/lib/gcc/x86_64-redhat-linux/13/../../../../lib64/crti.o /usr/lib/gcc/x86_64-redhat-linux/13/crtbegin.o -L/usr/lib/gcc/x86_64-redhat-linux/13 -L/usr/lib/gcc/x86_64-redhat-linux/13/../../../../lib64 -L/lib/../lib64 -L/usr/lib/../lib64 -L/usr/lib/gcc/x86_64-redhat-linux/13/../../.. CMakeFiles/cmTC_b06af.dir/CMakeCCompilerABI.c.o -lgcc --push-state --as-needed -lgcc_s --pop-state -lc -lgcc --push-state --as-needed -lgcc_s --pop-state /usr/lib/gcc/x86_64-redhat-linux/13/crtend.o /usr/lib/gcc/x86_64-redhat-linux/13/../../../../lib64/crtn.o]
    arg [/usr/libexec/gcc/x86_64-redhat-linux/13/collect2] ==> ignore
    arg [-plugin] ==> ignore
    arg [/usr/libexec/gcc/x86_64-redhat-linux/13/liblto_plugin.so] ==> ignore
    arg [-plugin-opt=/usr/libexec/gcc/x86_64-redhat-linux/13/lto-wrapper] ==> ignore
    arg [-plugin-opt=-fresolution=/tmp/ccbE5txm.res] ==> ignore
    arg [-plugin-opt=-pass-through=-lgcc] ==> ignore
    arg [-plugin-opt=-pass-through=-lgcc_s] ==> ignore
    arg [-plugin-opt=-pass-through=-lc] ==> ignore
    arg [-plugin-opt=-pass-through=-lgcc] ==> ignore
    arg [-plugin-opt=-pass-through=-lgcc_s] ==> ignore
    arg [--build-id] ==> ignore
    arg [--no-add-needed] ==> ignore
    arg [--eh-frame-hdr] ==> ignore
    arg [--hash-style=gnu] ==> ignore
    arg [-m] ==> ignore
    arg [elf_x86_64] ==> ignore
    arg [-dynamic-linker] ==> ignore
    arg [/lib64/ld-linux-x86-64.so.2] ==> ignore
    arg [-o] ==> ignore
    arg [cmTC_b06af] ==> ignore
    arg [/usr/lib/gcc/x86_64-redhat-linux/13/../../../../lib64/crt1.o] ==> obj [/usr/lib/gcc/x86_64-redhat-linux/13/../../../../lib64/crt1.o]
    arg [/usr/lib/gcc/x86_64-redhat-linux/13/../../../../lib64/crti.o] ==> obj [/usr/lib/gcc/x86_64-redhat-linux/13/../../../../lib64/crti.o]
    arg [/usr/lib/gcc/x86_64-redhat-linux/13/crtbegin.o] ==> obj [/usr/lib/gcc/x86_64-redhat-linux/13/crtbegin.o]
    arg [-L/usr/lib/gcc/x86_64-redhat-linux/13] ==> dir [/usr/lib/gcc/x86_64-redhat-linux/13]
    arg [-L/usr/lib/gcc/x86_64-redhat-linux/13/../../../../lib64] ==> dir [/usr/lib/gcc/x86_64-redhat-linux/13/../../../../lib64]
    arg [-L/lib/../lib64] ==> dir [/lib/../lib64]
    arg [-L/usr/lib/../lib64] ==> dir [/usr/lib/../lib64]
    arg [-L/usr/lib/gcc/x86_64-redhat-linux/13/../../..] ==> dir [/usr/lib/gcc/x86_64-redhat-linux/13/../../..]
    arg [CMakeFiles/cmTC_b06af.dir/CMakeCCompilerABI.c.o] ==> ignore
    arg [-lgcc] ==> lib [gcc]
    arg [--push-state] ==> ignore
    arg [--as-needed] ==> ignore
    arg [-lgcc_s] ==> lib [gcc_s]
    arg [--pop-state] ==> ignore
    arg [-lc] ==> lib [c]
    arg [-lgcc] ==> lib [gcc]
    arg [--push-state] ==> ignore
    arg [--as-needed] ==> ignore
    arg [-lgcc_s] ==> lib [gcc_s]
    arg [--pop-state] ==> ignore
    arg [/usr/lib/gcc/x86_64-redhat-linux/13/crtend.o] ==> obj [/usr/lib/gcc/x86_64-redhat-linux/13/crtend.o]
    arg [/usr/lib/gcc/x86_64-redhat-linux/13/../../../../lib64/crtn.o] ==> obj [/usr/lib/gcc/x86_64-redhat-linux/13/../../../../lib64/crtn.o]
  collapse obj [/usr/lib/gcc/x86_64-redhat-linux/13/../../../../lib64/crt1.o] ==> [/usr/lib64/crt1.o]
  collapse obj [/usr/lib/gcc/x86_64-redhat-linux/13/../../../../lib64/crti.o] ==> [/usr/lib64/crti.o]
  collapse obj [/usr/lib/gcc/x86_64-redhat-linux/13/../../../../lib64/crtn.o] ==> [/usr/lib64/crtn.o]
  collapse library dir [/usr/lib/gcc/x86_64-redhat-linux/13] ==> [/usr/lib/gcc/x86_64-redhat-linux/13]
  collapse library dir [/usr/lib/gcc/x86_64-redhat-linux/13/../../../../lib64] ==> [/usr/lib64]
  collapse library dir [/lib/../lib64] ==> [/lib64]
  collapse library dir [/usr/lib/../lib64] ==> [/usr/lib64]
  collapse library dir [/usr/lib/gcc/x86_64-redhat-linux/13/../../..] ==> [/usr/lib]
  implicit libs: [gcc;gcc_s;c;gcc;gcc_s]
  implicit objs: [/usr/lib64/crt1.o;/usr/lib64/crti.o;/usr/lib/gcc/x86_64-redhat-linux/13/crtbegin.o;/usr/lib/gcc/x86_64-redhat-linux/13/crtend.o;/usr/lib64/crtn.o]
  implicit dirs: [/usr/lib/gcc/x86_64-redhat-linux/13;/usr/lib64;/lib64;/usr/lib]
  implicit fwks: []


Detecting CXX compiler ABI info compiled with the following output:
Change Dir: /home/tomasgonzalez/Documents/RawNanoporeSignalCompression/build/CMakeFiles/CMakeTmp

Run Build Command(s):/usr/bin/gmake -f Makefile cmTC_93a95/fast && /usr/bin/gmake  -f CMakeFiles/cmTC_93a95.dir/build.make CMakeFiles/cmTC_93a95.dir/build
gmake[1]: Entering directory '/home/tomasgonzalez/Documents/RawNanoporeSignalCompression/build/CMakeFiles/CMakeTmp'
Building CXX object CMakeFiles/cmTC_93a95.dir/CMakeCXXCompilerABI.cpp.o
/usr/bin/c++   -v -o CMakeFiles/cmTC_93a95.dir/CMakeCXXCompilerABI.cpp.o -c /home/tomasgonzalez/miniconda3/envs/nanoRawEnv/share/cmake-3.22/Modules/CMakeCXXCompilerABI.cpp
Using built-in specs.
COLLECT_GCC=/usr/bin/c++
OFFLOAD_TARGET_NAMES=nvptx-none
OFFLOAD_TARGET_DEFAULT=1
Target: x86_64-redhat-linux
Configured with: ../configure --enable-bootstrap --enable-languages=c,c++,fortran,objc,obj-c++,ada,go,d,m2,lto --prefix=/usr --mandir=/usr/share/man --infodir=/usr/share/info --with-bugurl=http://bugzilla.redhat.com/bugzilla --enable-shared --enable-threads=posix --enable-checking=release --enable-multilib --with-system-zlib --enable-__cxa_atexit --disable-libunwind-exceptions --enable-gnu-unique-object --enable-linker-build-id --with-gcc-major-version-only --enable-libstdcxx-backtrace --with-libstdcxx-zoneinfo=/usr/share/zoneinfo --with-linker-hash-style=gnu --enable-plugin --enable-initfini-array --with-isl=/builddir/build/BUILD/gcc-13.2.1-20240316/obj-x86_64-redhat-linux/isl-install --enable-offload-targets=nvptx-none --without-cuda-driver --enable-offload-defaulted --enable-gnu-indirect-function --enable-cet --with-tune=generic --with-arch_32=i686 --build=x86_64-redhat-linux --with-build-config=bootstrap-lto --enable-link-serialization=1
Thread model: posix
Supported LTO compression algorithms: zlib zstd
gcc version 13.2.1 20240316 (Red Hat 13.2.1-7) (GCC) 
COLLECT_GCC_OPTIONS='-v' '-o' 'CMakeFiles/cmTC_93a95.dir/CMakeCXXCompilerABI.cpp.o' '-c' '-shared-libgcc' '-mtune=generic' '-march=x86-64' '-dumpdir' 'CMakeFiles/cmTC_93a95.dir/'
 /usr/libexec/gcc/x86_64-redhat-linux/13/cc1plus -quiet -v -D_GNU_SOURCE /home/tomasgonzalez/miniconda3/envs/nanoRawEnv/share/cmake-3.22/Modules/CMakeCXXCompilerABI.cpp -quiet -dumpdir CMakeFiles/cmTC_93a95.dir/ -dumpbase CMakeCXXCompilerABI.cpp.cpp -dumpbase-ext .cpp -mtune=generic -march=x86-64 -version -o /tmp/ccTOEBDL.s
GNU C++17 (GCC) version 13.2.1 20240316 (Red Hat 13.2.1-7) (x86_64-redhat-linux)
	compiled by GNU C version 13.2.1 20240316 (Red Hat 13.2.1-7), GMP version 6.2.1, MPFR version 4.2.0-p12, MPC version 1.3.1, isl version isl-0.24-GMP

GGC heuristics: --param ggc-min-expand=100 --param ggc-min-heapsize=131072
ignoring nonexistent directory "/usr/lib/gcc/x86_64-redhat-linux/13/include-fixed"
ignoring nonexistent directory "/usr/lib/gcc/x86_64-redhat-linux/13/../../../../x86_64-redhat-linux/include"
#include "..." search starts here:
#include <...> search starts here:
 /usr/lib/gcc/x86_64-redhat-linux/13/../../../../include/c++/13
 /usr/lib/gcc/x86_64-redhat-linux/13/../../../../include/c++/13/x86_64-redhat-linux
 /usr/lib/gcc/x86_64-redhat-linux/13/../../../../include/c++/13/backward
 /usr/lib/gcc/x86_64-redhat-linux/13/include
 /usr/local/include
 /usr/include
End of search list.
Compiler executable checksum: 1597859996ad5af9a6269f983f6a2e78
COLLECT_GCC_OPTIONS='-v' '-o' 'CMakeFiles/cmTC_93a95.dir/CMakeCXXCompilerABI.cpp.o' '-c' '-shared-libgcc' '-mtune=generic' '-march=x86-64' '-dumpdir' 'CMakeFiles/cmTC_93a95.dir/'
 as -v --64 -o CMakeFiles/cmTC_93a95.dir/CMakeCXXCompilerABI.cpp.o /tmp/ccTOEBDL.s
GNU assembler version 2.40 (x86_64-redhat-linux) using BFD version version 2.40-14.fc39
COMPILER_PATH=/usr/libexec/gcc/x86_64-redhat-linux/13/:/usr/libexec/gcc/x86_64-redhat-linux/13/:/usr/libexec/gcc/x86_64-redhat-linux/:/usr/lib/gcc/x86_64-redhat-linux/13/:/usr/lib/gcc/x86_64-redhat-linux/
LIBRARY_PATH=/usr/lib/gcc/x86_64-redhat-linux/13/:/usr/lib/gcc/x86_64-redhat-linux/13/../../../../lib64/:/lib/../lib64/:/usr/lib/../lib64/:/usr/lib/gcc/x86_64-redhat-linux/13/../../../:/lib/:/usr/lib/
COLLECT_GCC_OPTIONS='-v' '-o' 'CMakeFiles/cmTC_93a95.dir/CMakeCXXCompilerABI.cpp.o' '-c' '-shared-libgcc' '-mtune=generic' '-march=x86-64' '-dumpdir' 'CMakeFiles/cmTC_93a95.dir/CMakeCXXCompilerABI.cpp.'
Linking CXX executable cmTC_93a95
/home/tomasgonzalez/miniconda3/envs/nanoRawEnv/bin/cmake -E cmake_link_script CMakeFiles/cmTC_93a95.dir/link.txt --verbose=1
/usr/bin/c++  -v CMakeFiles/cmTC_93a95.dir/CMakeCXXCompilerABI.cpp.o -o cmTC_93a95 
Using built-in specs.
COLLECT_GCC=/usr/bin/c++
COLLECT_LTO_WRAPPER=/usr/libexec/gcc/x86_64-redhat-linux/13/lto-wrapper
OFFLOAD_TARGET_NAMES=nvptx-none
OFFLOAD_TARGET_DEFAULT=1
Target: x86_64-redhat-linux
Configured with: ../configure --enable-bootstrap --enable-languages=c,c++,fortran,objc,obj-c++,ada,go,d,m2,lto --prefix=/usr --mandir=/usr/share/man --infodir=/usr/share/info --with-bugurl=http://bugzilla.redhat.com/bugzilla --enable-shared --enable-threads=posix --enable-checking=release --enable-multilib --with-system-zlib --enable-__cxa_atexit --disable-libunwind-exceptions --enable-gnu-unique-object --enable-linker-build-id --with-gcc-major-version-only --enable-libstdcxx-backtrace --with-libstdcxx-zoneinfo=/usr/share/zoneinfo --with-linker-hash-style=gnu --enable-plugin --enable-initfini-array --with-isl=/builddir/build/BUILD/gcc-13.2.1-20240316/obj-x86_64-redhat-linux/isl-install --enable-offload-targets=nvptx-none --without-cuda-driver --enable-offload-defaulted --enable-gnu-indirect-function --enable-cet --with-tune=generic --with-arch_32=i686 --build=x86_64-redhat-linux --with-build-config=bootstrap-lto --enable-link-serialization=1
Thread model: posix
Supported LTO compression algorithms: zlib zstd
gcc version 13.2.1 20240316 (Red Hat 13.2.1-7) (GCC) 
COMPILER_PATH=/usr/libexec/gcc/x86_64-redhat-linux/13/:/usr/libexec/gcc/x86_64-redhat-linux/13/:/usr/libexec/gcc/x86_64-redhat-linux/:/usr/lib/gcc/x86_64-redhat-linux/13/:/usr/lib/gcc/x86_64-redhat-linux/
LIBRARY_PATH=/usr/lib/gcc/x86_64-redhat-linux/13/:/usr/lib/gcc/x86_64-redhat-linux/13/../../../../lib64/:/lib/../lib64/:/usr/lib/../lib64/:/usr/lib/gcc/x86_64-redhat-linux/13/../../../:/lib/:/usr/lib/
COLLECT_GCC_OPTIONS='-v' '-o' 'cmTC_93a95' '-shared-libgcc' '-mtune=generic' '-march=x86-64' '-dumpdir' 'cmTC_93a95.'
 /usr/libexec/gcc/x86_64-redhat-linux/13/collect2 -plugin /usr/libexec/gcc/x86_64-redhat-linux/13/liblto_plugin.so -plugin-opt=/usr/libexec/gcc/x86_64-redhat-linux/13/lto-wrapper -plugin-opt=-fresolution=/tmp/ccQ9M21r.res -plugin-opt=-pass-through=-lgcc_s -plugin-opt=-pass-through=-lgcc -plugin-opt=-pass-through=-lc -plugin-opt=-pass-through=-lgcc_s -plugin-opt=-pass-through=-lgcc --build-id --no-add-needed --eh-frame-hdr --hash-style=gnu -m elf_x86_64 -dynamic-linker /lib64/ld-linux-x86-64.so.2 -o cmTC_93a95 /usr/lib/gcc/x86_64-redhat-linux/13/../../../../lib64/crt1.o /usr/lib/gcc/x86_64-redhat-linux/13/../../../../lib64/crti.o /usr/lib/gcc/x86_64-redhat-linux/13/crtbegin.o -L/usr/lib/gcc/x86_64-redhat-linux/13 -L/usr/lib/gcc/x86_64-redhat-linux/13/../../../../lib64 -L/lib/../lib64 -L/usr/lib/../lib64 -L/usr/lib/gcc/x86_64-redhat-linux/13/../../.. CMakeFiles/cmTC_93a95.dir/CMakeCXXCompilerABI.cpp.o -lstdc++ -lm -lgcc_s -lgcc -lc -lgcc_s -lgcc /usr/lib/gcc/x86_64-redhat-linux/13/crtend.o /usr/lib/gcc/x86_64-redhat-linux/13/../../../../lib64/crtn.o
COLLECT_GCC_OPTIONS='-v' '-o' 'cmTC_93a95' '-shared-libgcc' '-mtune=generic' '-march=x86-64' '-dumpdir' 'cmTC_93a95.'
gmake[1]: Leaving directory '/home/tomasgonzalez/Documents/RawNanoporeSignalCompression/build/CMakeFiles/CMakeTmp'



Parsed CXX implicit include dir info from above output: rv=done
  found start of include info
  found start of implicit include info
    add: [/usr/lib/gcc/x86_64-redhat-linux/13/../../../../include/c++/13]
    add: [/usr/lib/gcc/x86_64-redhat-linux/13/../../../../include/c++/13/x86_64-redhat-linux]
    add: [/usr/lib/gcc/x86_64-redhat-linux/13/../../../../include/c++/13/backward]
    add: [/usr/lib/gcc/x86_64-redhat-linux/13/include]
    add: [/usr/local/include]
    add: [/usr/include]
  end of search list found
  collapse include dir [/usr/lib/gcc/x86_64-redhat-linux/13/../../../../include/c++/13] ==> [/usr/include/c++/13]
  collapse include dir [/usr/lib/gcc/x86_64-redhat-linux/13/../../../../include/c++/13/x86_64-redhat-linux] ==> [/usr/include/c++/13/x86_64-redhat-linux]
  collapse include dir [/usr/lib/gcc/x86_64-redhat-linux/13/../../../../include/c++/13/backward] ==> [/usr/include/c++/13/backward]
  collapse include dir [/usr/lib/gcc/x86_64-redhat-linux/13/include] ==> [/usr/lib/gcc/x86_64-redhat-linux/13/include]
  collapse include dir [/usr/local/include] ==> [/usr/local/include]
  collapse include dir [/usr/include] ==> [/usr/include]
  implicit include dirs: [/usr/include/c++/13;/usr/include/c++/13/x86_64-redhat-linux;/usr/include/c++/13/backward;/usr/lib/gcc/x86_64-redhat-linux/13/include;/usr/local/include;/usr/include]


Parsed CXX implicit link information from above output:
  link line regex: [^( *|.*[/\])(ld|CMAKE_LINK_STARTFILE-NOTFOUND|([^/\]+-)?ld|collect2)[^/\]*( |$)]
  ignore line: [Change Dir: /home/tomasgonzalez/Documents/RawNanoporeSignalCompression/build/CMakeFiles/CMakeTmp]
  ignore line: []
  ignore line: [Run Build Command(s):/usr/bin/gmake -f Makefile cmTC_93a95/fast && /usr/bin/gmake  -f CMakeFiles/cmTC_93a95.dir/build.make CMakeFiles/cmTC_93a95.dir/build]
  ignore line: [gmake[1]: Entering directory '/home/tomasgonzalez/Documents/RawNanoporeSignalCompression/build/CMakeFiles/CMakeTmp']
  ignore line: [Building CXX object CMakeFiles/cmTC_93a95.dir/CMakeCXXCompilerABI.cpp.o]
  ignore line: [/usr/bin/c++   -v -o CMakeFiles/cmTC_93a95.dir/CMakeCXXCompilerABI.cpp.o -c /home/tomasgonzalez/miniconda3/envs/nanoRawEnv/share/cmake-3.22/Modules/CMakeCXXCompilerABI.cpp]
  ignore line: [Using built-in specs.]
  ignore line: [COLLECT_GCC=/usr/bin/c++]
  ignore line: [OFFLOAD_TARGET_NAMES=nvptx-none]
  ignore line: [OFFLOAD_TARGET_DEFAULT=1]
  ignore line: [Target: x86_64-redhat-linux]
  ignore line: [Configured with: ../configure --enable-bootstrap --enable-languages=c c++ fortran objc obj-c++ ada go d m2 lto --prefix=/usr --mandir=/usr/share/man --infodir=/usr/share/info --with-bugurl=http://bugzilla.redhat.com/bugzilla --enable-shared --enable-threads=posix --enable-checking=release --enable-multilib --with-system-zlib --enable-__cxa_atexit --disable-libunwind-exceptions --enable-gnu-unique-object --enable-linker-build-id --with-gcc-major-version-only --enable-libstdcxx-backtrace --with-libstdcxx-zoneinfo=/usr/share/zoneinfo --with-linker-hash-style=gnu --enable-plugin --enable-initfini-array --with-isl=/builddir/build/BUILD/gcc-13.2.1-20240316/obj-x86_64-redhat-linux/isl-install --enable-offload-targets=nvptx-none --without-cuda-driver --enable-offload-defaulted --enable-gnu-indirect-function --enable-cet --with-tune=generic --with-arch_32=i686 --build=x86_64-redhat-linux --with-build-config=bootstrap-lto --enable-link-serialization=1]
  ignore line: [Thread model: posix]
  ignore line: [Supported LTO compression algorithms: zlib zstd]
  ignore line: [gcc version 13.2.1 20240316 (Red Hat 13.2.1-7) (GCC) ]
  ignore line: [COLLECT_GCC_OPTIONS='-v' '-o' 'CMakeFiles/cmTC_93a95.dir/CMakeCXXCompilerABI.cpp.o' '-c' '-shared-libgcc' '-mtune=generic' '-march=x86-64' '-dumpdir' 'CMakeFiles/cmTC_93a95.dir/']
  ignore line: [ /usr/libexec/gcc/x86_64-redhat-linux/13/cc1plus -quiet -v -D_GNU_SOURCE /home/tomasgonzalez/miniconda3/envs/nanoRawEnv/share/cmake-3.22/Modules/CMakeCXXCompilerABI.cpp -quiet -dumpdir CMakeFiles/cmTC_93a95.dir/ -dumpbase CMakeCXXCompilerABI.cpp.cpp -dumpbase-ext .cpp -mtune=generic -march=x86-64 -version -o /tmp/ccTOEBDL.s]
  ignore line: [GNU C++17 (GCC) version 13.2.1 20240316 (Red Hat 13.2.1-7) (x86_64-redhat-linux)]
  ignore line: [	compiled by GNU C version 13.2.1 20240316 (Red Hat 13.2.1-7)  GMP version 6.2.1  MPFR version 4.2.0-p12  MPC version 1.3.1  isl version isl-0.24-GMP]
  ignore line: []
  ignore line: [GGC heuristics: --param ggc-min-expand=100 --param ggc-min-heapsize=131072]
  ignore line: [ignoring nonexistent directory "/usr/lib/gcc/x86_64-redhat-linux/13/include-fixed"]
  ignore line: [ignoring nonexistent directory "/usr/lib/gcc/x86_64-redhat-linux/13/../../../../x86_64-redhat-linux/include"]
  ignore line: [#include "..." search starts here:]
  ignore line: [#include <...> search starts here:]
  ignore line: [ /usr/lib/gcc/x86_64-redhat-linux/13/../../../../include/c++/13]
  ignore line: [ /usr/lib/gcc/x86_64-redhat-linux/13/../../../../include/c++/13/x86_64-redhat-linux]
  ignore line: [ /usr/lib/gcc/x86_64-redhat-linux/13/../../../../include/c++/13/backward]
  ignore line: [ /usr/lib/gcc/x86_64-redhat-linux/13/include]
  ignore line: [ /usr/local/include]
  ignore line: [ /usr/include]
  ignore line: [End of search list.]
  ignore line: [Compiler executable checksum: 1597859996ad5af9a6269f983f6a2e78]
  ignore line: [COLLECT_GCC_OPTIONS='-v' '-o' 'CMakeFiles/cmTC_93a95.dir/CMakeCXXCompilerABI.cpp.o' '-c' '-shared-libgcc' '-mtune=generic' '-march=x86-64' '-dumpdir' 'CMakeFiles/cmTC_93a95.dir/']
  ignore line: [ as -v --64 -o CMakeFiles/cmTC_93a95.dir/CMakeCXXCompilerABI.cpp.o /tmp/ccTOEBDL.s]
  ignore line: [GNU assembler version 2.40 (x86_64-redhat-linux) using BFD version version 2.40-14.fc39]
  ignore line: [COMPILER_PATH=/usr/libexec/gcc/x86_64-redhat-linux/13/:/usr/libexec/gcc/x86_64-redhat-linux/13/:/usr/libexec/gcc/x86_64-redhat-linux/:/usr/lib/gcc/x86_64-redhat-linux/13/:/usr/lib/gcc/x86_64-redhat-linux/]
  ignore line: [LIBRARY_PATH=/usr/lib/gcc/x86_64-redhat-linux/13/:/usr/lib/gcc/x86_64-redhat-linux/13/../../../../lib64/:/lib/../lib64/:/usr/lib/../lib64/:/usr/lib/gcc/x86_64-redhat-linux/13/../../../:/lib/:/usr/lib/]
  ignore line: [COLLECT_GCC_OPTIONS='-v' '-o' 'CMakeFiles/cmTC_93a95.dir/CMakeCXXCompilerABI.cpp.o' '-c' '-shared-libgcc' '-mtune=generic' '-march=x86-64' '-dumpdir' 'CMakeFiles/cmTC_93a95.dir/CMakeCXXCompilerABI.cpp.']
  ignore line: [Linking CXX executable cmTC_93a95]
  ignore line: [/home/tomasgonzalez/miniconda3/envs/nanoRawEnv/bin/cmake -E cmake_link_script CMakeFiles/cmTC_93a95.dir/link.txt --verbose=1]
  ignore line: [/usr/bin/c++  -v CMakeFiles/cmTC_93a95.dir/CMakeCXXCompilerABI.cpp.o -o cmTC_93a95 ]
  ignore line: [Using built-in specs.]
  ignore line: [COLLECT_GCC=/usr/bin/c++]
  ignore line: [COLLECT_LTO_WRAPPER=/usr/libexec/gcc/x86_64-redhat-linux/13/lto-wrapper]
  ignore line: [OFFLOAD_TARGET_NAMES=nvptx-none]
  ignore line: [OFFLOAD_TARGET_DEFAULT=1]
  ignore line: [Target: x86_64-redhat-linux]
  ignore line: [Configured with: ../configure --enable-bootstrap --enable-languages=c c++ fortran objc obj-c++ ada go d m2 lto --prefix=/usr --mandir=/usr/share/man --infodir=/usr/share/info --with-bugurl=http://bugzilla.redhat.com/bugzilla --enable-shared --enable-threads=posix --enable-checking=release --enable-multilib --with-system-zlib --enable-__cxa_atexit --disable-libunwind-exceptions --enable-gnu-unique-object --enable-linker-build-id --with-gcc-major-version-only --enable-libstdcxx-backtrace --with-libstdcxx-zoneinfo=/usr/share/zoneinfo --with-linker-hash-style=gnu --enable-plugin --enable-initfini-array --with-isl=/builddir/build/BUILD/gcc-13.2.1-20240316/obj-x86_64-redhat-linux/isl-install --enable-offload-targets=nvptx-none --without-cuda-driver --enable-offload-defaulted --enable-gnu-indirect-function --enable-cet --with-tune=generic --with-arch_32=i686 --build=x86_64-redhat-linux --with-build-config=bootstrap-lto --enable-link-serialization=1]
  ignore line: [Thread model: posix]
  ignore line: [Supported LTO compression algorithms: zlib zstd]
  ignore line: [gcc version 13.2.1 20240316 (Red Hat 13.2.1-7) (GCC) ]
  ignore line: [COMPILER_PATH=/usr/libexec/gcc/x86_64-redhat-linux/13/:/usr/libexec/gcc/x86_64-redhat-linux/13/:/usr/libexec/gcc/x86_64-redhat-linux/:/usr/lib/gcc/x86_64-redhat-linux/13/:/usr/lib/gcc/x86_64-redhat-linux/]
  ignore line: [LIBRARY_PATH=/usr/lib/gcc/x86_64-redhat-linux/13/:/usr/lib/gcc/x86_64-redhat-linux/13/../../../../lib64/:/lib/../lib64/:/usr/lib/../lib64/:/usr/lib/gcc/x86_64-redhat-linux/13/../../../:/lib/:/usr/lib/]
  ignore line: [COLLECT_GCC_OPTIONS='-v' '-o' 'cmTC_93a95' '-shared-libgcc' '-mtune=generic' '-march=x86-64' '-dumpdir' 'cmTC_93a95.']
  link line: [ /usr/libexec/gcc/x86_64-redhat-linux/13/collect2 -plugin /usr/libexec/gcc/x86_64-redhat-linux/13/liblto_plugin.so -plugin-opt=/usr/libexec/gcc/x86_64-redhat-linux/13/lto-wrapper -plugin-opt=-fresolution=/tmp/ccQ9M21r.res -plugin-opt=-pass-through=-lgcc_s -plugin-opt=-pass-through=-lgcc -plugin-opt=-pass-through=-lc -plugin-opt=-pass-through=-lgcc_s -plugin-opt=-pass-through=-lgcc --build-id --no-add-needed --eh-frame-hdr --hash-style=gnu -m elf_x86_64 -dynamic-linker /lib64/ld-linux-x86-64.so.2 -o cmTC_93a95 /usr/lib/gcc/x86_64-redhat-linux/13/../../../../lib64/crt1.o /usr/lib/gcc/x86_64-redhat-linux/13/../../../../lib64/crti.o /usr/lib/gcc/x86_64-redhat-linux/13/crtbegin.o -L/usr/lib/gcc/x86_64-redhat-linux/13 -L/usr/lib/gcc/x86_64-redhat-linux/13/../../../../lib64 -L/lib/../lib64 -L/usr/lib/../lib64 -L/usr/lib/gcc/x86_64-redhat-linux/13/../../.. CMakeFiles/cmTC_93a95.dir/CMakeCXXCompilerABI.cpp.o -lstdc++ -lm -lgcc_s -lgcc -lc -lgcc_s -lgcc /usr/lib/gcc/x86_64-redhat-linux/13/crtend.o /usr/lib/gcc/x86_64-redhat-linux/13/../../../../lib64/crtn.o]
    arg [/usr/libexec/gcc/x86_64-redhat-linux/13/collect2] ==> ignore
    arg [-plugin] ==> ignore
    arg [/usr/libexec/gcc/x86_64-redhat-linux/13/liblto_plugin.so] ==> ignore
    arg [-plugin-opt=/usr/libexec/gcc/x86_64-redhat-linux/13/lto-wrapper] ==> ignore
    arg [-plugin-opt=-fresolution=/tmp/ccQ9M21r.res] ==> ignore
    arg [-plugin-opt=-pass-through=-lgcc_s] ==> ignore
    arg [-plugin-opt=-pass-through=-lgcc] ==> ignore
    arg [-plugin-opt=-pass-through=-lc] ==> ignore
    arg [-plugin-opt=-pass-through=-lgcc_s] ==> ignore
    arg [-plugin-opt=-pass-through=-lgcc] ==> ignore
    arg [--build-id] ==> ignore
    arg [--no-add-needed] ==> ignore
    arg [--eh-frame-hdr] ==> ignore
    arg [--hash-style=gnu] ==> ignore
    arg [-m] ==> ignore
    arg [elf_x86_64] ==> ignore
    arg [-dynamic-linker] ==> ignore
    arg [/lib64/ld-linux-x86-64.so.2] ==> ignore
    arg [-o] ==> ignore
    arg [cmTC_93a95] ==> ignore
    arg [/usr/lib/gcc/x86_64-redhat-linux/13/../../../../lib64/crt1.o] ==> obj [/usr/lib/gcc/x86_64-redhat-linux/13/../../../../lib64/crt1.o]
    arg [/usr/lib/gcc/x86_64-redhat-linux/13/../../../../lib64/crti.o] ==> obj [/usr/lib/gcc/x86_64-redhat-linux/13/../../../../lib64/crti.o]
    arg [/usr/lib/gcc/x86_64-redhat-linux/13/crtbegin.o] ==> obj [/usr/lib/gcc/x86_64-redhat-linux/13/crtbegin.o]
    arg [-L/usr/lib/gcc/x86_64-redhat-linux/13] ==> dir [/usr/lib/gcc/x86_64-redhat-linux/13]
    arg [-L/usr/lib/gcc/x86_64-redhat-linux/13/../../../../lib64] ==> dir [/usr/lib/gcc/x86_64-redhat-linux/13/../../../../lib64]
    arg [-L/lib/../lib64] ==> dir [/lib/../lib64]
    arg [-L/usr/lib/../lib64] ==> dir [/usr/lib/../lib64]
    arg [-L/usr/lib/gcc/x86_64-redhat-linux/13/../../..] ==> dir [/usr/lib/gcc/x86_64-redhat-linux/13/../../..]
    arg [CMakeFiles/cmTC_93a95.dir/CMakeCXXCompilerABI.cpp.o] ==> ignore
    arg [-lstdc++] ==> lib [stdc++]
    arg [-lm] ==> lib [m]
    arg [-lgcc_s] ==> lib [gcc_s]
    arg [-lgcc] ==> lib [gcc]
    arg [-lc] ==> lib [c]
    arg [-lgcc_s] ==> lib [gcc_s]
    arg [-lgcc] ==> lib [gcc]
    arg [/usr/lib/gcc/x86_64-redhat-linux/13/crtend.o] ==> obj [/usr/lib/gcc/x86_64-redhat-linux/13/crtend.o]
    arg [/usr/lib/gcc/x86_64-redhat-linux/13/../../../../lib64/crtn.o] ==> obj [/usr/lib/gcc/x86_64-redhat-linux/13/../../../../lib64/crtn.o]
  collapse obj [/usr/lib/gcc/x86_64-redhat-linux/13/../../../../lib64/crt1.o] ==> [/usr/lib64/crt1.o]
  collapse obj [/usr/lib/gcc/x86_64-redhat-linux/13/../../../../lib64/crti.o] ==> [/usr/lib64/crti.o]
  collapse obj [/usr/lib/gcc/x86_64-redhat-linux/13/../../../../lib64/crtn.o] ==> [/usr/lib64/crtn.o]
  collapse library dir [/usr/lib/gcc/x86_64-redhat-linux/13] ==> [/usr/lib/gcc/x86_64-redhat-linux/13]
  collapse library dir [/usr/lib/gcc/x86_64-redhat-linux/13/../../../../lib64] ==> [/usr/lib64]
  collapse library dir [/lib/../lib64] ==> [/lib64]
  collapse library dir [/usr/lib/../lib64] ==> [/usr/lib64]
  collapse library dir [/usr/lib/gcc/x86_64-redhat-linux/13/../../..] ==> [/usr/lib]
  implicit libs: [stdc++;m;gcc_s;gcc;c;gcc_s;gcc]
  implicit objs: [/usr/lib64/crt1.o;/usr/lib64/crti.o;/usr/lib/gcc/x86_64-redhat-linux/13/crtbegin.o;/usr/lib/gcc/x86_64-redhat-linux/13/crtend.o;/usr/lib64/crtn.o]
  implicit dirs: [/usr/lib/gcc/x86_64-redhat-linux/13;/usr/lib64;/lib64;/usr/lib]
  implicit fwks: []


Determining if the include file pthread.h exists passed with the following output:
Change Dir: /home/tomasgonzalez/Documents/RawNanoporeSignalCompression/build/CMakeFiles/CMakeTmp

Run Build Command(s):/usr/bin/gmake -f Makefile cmTC_89790/fast && /usr/bin/gmake  -f CMakeFiles/cmTC_89790.dir/build.make CMakeFiles/cmTC_89790.dir/build
gmake[1]: Entering directory '/home/tomasgonzalez/Documents/RawNanoporeSignalCompression/build/CMakeFiles/CMakeTmp'
Building C object CMakeFiles/cmTC_89790.dir/CheckIncludeFile.c.o
/usr/bin/cc    -o CMakeFiles/cmTC_89790.dir/CheckIncludeFile.c.o -c /home/tomasgonzalez/Documents/RawNanoporeSignalCompression/build/CMakeFiles/CMakeTmp/CheckIncludeFile.c
Linking C executable cmTC_89790
/home/tomasgonzalez/miniconda3/envs/nanoRawEnv/bin/cmake -E cmake_link_script CMakeFiles/cmTC_89790.dir/link.txt --verbose=1
/usr/bin/cc CMakeFiles/cmTC_89790.dir/CheckIncludeFile.c.o -o cmTC_89790 
gmake[1]: Leaving directory '/home/tomasgonzalez/Documents/RawNanoporeSignalCompression/build/CMakeFiles/CMakeTmp'



Performing C SOURCE FILE Test CMAKE_HAVE_LIBC_PTHREAD succeeded with the following output:
Change Dir: /home/tomasgonzalez/Documents/RawNanoporeSignalCompression/build/CMakeFiles/CMakeTmp

Run Build Command(s):/usr/bin/gmake -f Makefile cmTC_8023c/fast && /usr/bin/gmake  -f CMakeFiles/cmTC_8023c.dir/build.make CMakeFiles/cmTC_8023c.dir/build
gmake[1]: Entering directory '/home/tomasgonzalez/Documents/RawNanoporeSignalCompression/build/CMakeFiles/CMakeTmp'
Building C object CMakeFiles/cmTC_8023c.dir/src.c.o
/usr/bin/cc -DCMAKE_HAVE_LIBC_PTHREAD   -o CMakeFiles/cmTC_8023c.dir/src.c.o -c /home/tomasgonzalez/Documents/RawNanoporeSignalCompression/build/CMakeFiles/CMakeTmp/src.c
Linking C executable cmTC_8023c
/home/tomasgonzalez/miniconda3/envs/nanoRawEnv/bin/cmake -E cmake_link_script CMakeFiles/cmTC_8023c.dir/link.txt --verbose=1
/usr/bin/cc CMakeFiles/cmTC_8023c.dir/src.c.o -o cmTC_8023c 
gmake[1]: Leaving directory '/home/tomasgonzalez/Documents/RawNanoporeSignalCompression/build/CMakeFiles/CMakeTmp'


Source file was:
#include <pthread.h>

static void* test_func(void* data)
{
  return data;
}

int main(void)
{
  pthread_t thread;
  pthread_create(&thread, NULL, test_func, NULL);
  pthread_detach(thread);
  pthread_cancel(thread);
  pthread_join(thread, NULL);
  pthread_atfork(NULL, NULL, NULL);
  pthread_exit(NULL);

  return 0;
}

Performing C++ SOURCE FILE Test COMPILER_HAS_HIDDEN_VISIBILITY succeeded with the following output:
Change Dir: /home/tomasgonzalez/Documents/RawNanoporeSignalCompression/build/CMakeFiles/CMakeTmp

Run Build Command(s):/usr/bin/gmake -f Makefile cmTC_f2722/fast && /usr/bin/gmake  -f CMakeFiles/cmTC_f2722.dir/build.make CMakeFiles/cmTC_f2722.dir/build
gmake[1]: Entering directory '/home/tomasgonzalez/Documents/RawNanoporeSignalCompression/build/CMakeFiles/CMakeTmp'
Building CXX object CMakeFiles/cmTC_f2722.dir/src.cxx.o
/usr/bin/c++ -DCOMPILER_HAS_HIDDEN_VISIBILITY  -fvisibility=hidden -std=gnu++20 -o CMakeFiles/cmTC_f2722.dir/src.cxx.o -c /home/tomasgonzalez/Documents/RawNanoporeSignalCompression/build/CMakeFiles/CMakeTmp/src.cxx
Linking CXX executable cmTC_f2722
/home/tomasgonzalez/miniconda3/envs/nanoRawEnv/bin/cmake -E cmake_link_script CMakeFiles/cmTC_f2722.dir/link.txt --verbose=1
/usr/bin/c++ CMakeFiles/cmTC_f2722.dir/src.cxx.o -o cmTC_f2722 
gmake[1]: Leaving directory '/home/tomasgonzalez/Documents/RawNanoporeSignalCompression/build/CMakeFiles/CMakeTmp'


Source file was:
int main() { return 0; }
Performing C++ SOURCE FILE Test COMPILER_HAS_HIDDEN_INLINE_VISIBILITY succeeded with the following output:
Change Dir: /home/tomasgonzalez/Documents/RawNanoporeSignalCompression/build/CMakeFiles/CMakeTmp

Run Build Command(s):/usr/bin/gmake -f Makefile cmTC_d175f/fast && /usr/bin/gmake  -f CMakeFiles/cmTC_d175f.dir/build.make CMakeFiles/cmTC_d175f.dir/build
gmake[1]: Entering directory '/home/tomasgonzalez/Documents/RawNanoporeSignalCompression/build/CMakeFiles/CMakeTmp'
Building CXX object CMakeFiles/cmTC_d175f.dir/src.cxx.o
/usr/bin/c++ -DCOMPILER_HAS_HIDDEN_INLINE_VISIBILITY  -fvisibility-inlines-hidden -std=gnu++20 -o CMakeFiles/cmTC_d175f.dir/src.cxx.o -c /home/tomasgonzalez/Documents/RawNanoporeSignalCompression/build/CMakeFiles/CMakeTmp/src.cxx
Linking CXX executable cmTC_d175f
/home/tomasgonzalez/miniconda3/envs/nanoRawEnv/bin/cmake -E cmake_link_script CMakeFiles/cmTC_d175f.dir/link.txt --verbose=1
/usr/bin/c++ CMakeFiles/cmTC_d175f.dir/src.cxx.o -o cmTC_d175f 
gmake[1]: Leaving directory '/home/tomasgonzalez/Documents/RawNanoporeSignalCompression/build/CMakeFiles/CMakeTmp'


Source file was:
int main() { return 0; }
Performing C++ SOURCE FILE Test COMPILER_HAS_DEPRECATED_ATTR succeeded with the following output:
Change Dir: /home/tomasgonzalez/Documents/RawNanoporeSignalCompression/build/CMakeFiles/CMakeTmp

Run Build Command(s):/usr/bin/gmake -f Makefile cmTC_0a1b2/fast && /usr/bin/gmake  -f CMakeFiles/cmTC_0a1b2.dir/build.make CMakeFiles/cmTC_0a1b2.dir/build
gmake[1]: Entering directory '/home/tomasgonzalez/Documents/RawNanoporeSignalCompression/build/CMakeFiles/CMakeTmp'
Building CXX object CMakeFiles/cmTC_0a1b2.dir/src.cxx.o
/usr/bin/c++ -DCOMPILER_HAS_DEPRECATED_ATTR  -std=gnu++20 -o CMakeFiles/cmTC_0a1b2.dir/src.cxx.o -c /home/tomasgonzalez/Documents/RawNanoporeSignalCompression/build/CMakeFiles/CMakeTmp/src.cxx
/home/tomasgonzalez/Documents/RawNanoporeSignalCompression/build/CMakeFiles/CMakeTmp/src.cxx: In function ‘int main()’:
/home/tomasgonzalez/Documents/RawNanoporeSignalCompression/build/CMakeFiles/CMakeTmp/src.cxx:2:33: warning: ‘int somefunc()’ is deprecated [-Wdeprecated-declarations]
    2 |     int main() { return somefunc();}
      |                         ~~~~~~~~^~
/home/tomasgonzalez/Documents/RawNanoporeSignalCompression/build/CMakeFiles/CMakeTmp/src.cxx:1:37: note: declared here
    1 | __attribute__((__deprecated__)) int somefunc() { return 0; }
      |                                     ^~~~~~~~
Linking CXX executable cmTC_0a1b2
/home/tomasgonzalez/miniconda3/envs/nanoRawEnv/bin/cmake -E cmake_link_script CMakeFiles/cmTC_0a1b2.dir/link.txt --verbose=1
/usr/bin/c++ CMakeFiles/cmTC_0a1b2.dir/src.cxx.o -o cmTC_0a1b2 
gmake[1]: Leaving directory '/home/tomasgonzalez/Documents/RawNanoporeSignalCompression/build/CMakeFiles/CMakeTmp'


Source file was:
__attribute__((__deprecated__)) int somefunc() { return 0; }
    int main() { return somefunc();}
